<?xml version="1.0" encoding="UTF-8"?>
<!-- Generated by org.testng.reporters.JUnitReportReporter -->
<testsuite hostname="LAPTOP-MGF06TCK" failures="0" tests="4" name="com.test.test.TekArchApiTestScriptE2E" time="52.319" errors="0" timestamp="2022-10-19T15:36:51 PDT" skipped="0">
  <testcase classname="com.test.test.TekArchApiTestScriptE2E" name="TC_004_updateUserdata" time="11.318"/>
  <system-out/>
  <testcase classname="com.test.test.TekArchApiTestScriptE2E" name="TC_001_ValidLogin" time="10.872"/>
  <system-out/>
  <testcase classname="com.test.test.TekArchApiTestScriptE2E" name="TC_005_deleteUserdata" time="10.307"/>
  <system-out/>
  <testcase classname="com.test.test.TekArchApiTestScriptE2E" name="TC_003_AddUserdata" time="19.822"/>
  <system-out/>
</testsuite> <!-- com.test.test.TekArchApiTestScriptE2E -->
