<?xml version="1.0" encoding="UTF-8"?>
<!-- Generated by org.testng.reporters.JUnitReportReporter -->
<testsuite hostname="LAPTOP-MGF06TCK" failures="0" tests="5" name="com.tests.Runner1" time="54.687" errors="0" timestamp="2022-10-07T09:39:35 PDT" skipped="0">
  <testcase classname="com.tests.Runner1" name="runScenario" time="14.217"/>
  <system-out/>
  <testcase classname="com.tests.Runner1" name="runScenario" time="14.315"/>
  <system-out/>
  <testcase classname="com.tests.Runner1" name="runScenario" time="8.811"/>
  <system-out/>
  <testcase classname="com.tests.Runner1" name="runScenario" time="9.184"/>
  <system-out/>
  <testcase classname="com.tests.Runner1" name="runScenario" time="8.160"/>
  <system-out/>
</testsuite> <!-- com.tests.Runner1 -->
