<?xml version="1.0" encoding="UTF-8"?>
<!-- Generated by org.testng.reporters.JUnitReportReporter -->
<testsuite hostname="LAPTOP-MGF06TCK" failures="0" tests="5" name="com.firebase.test.test.AutomationScript" time="53.356" errors="0" timestamp="2022-10-04T22:33:13 PDT" skipped="0">
  <testcase classname="com.firebase.test.test.AutomationScript" name="errorMessage01" time="8.274"/>
  <system-out/>
  <testcase classname="com.firebase.test.test.AutomationScript" name="loginSalesForce4a" time="8.442"/>
  <system-out/>
  <testcase classname="com.firebase.test.test.AutomationScript" name="loginSalesForce4b" time="8.336"/>
  <system-out/>
  <testcase classname="com.firebase.test.test.AutomationScript" name="loginSalesForce3" time="14.402"/>
  <system-out/>
  <testcase classname="com.firebase.test.test.AutomationScript" name="loginSalesForce2" time="13.902"/>
  <system-out/>
</testsuite> <!-- com.firebase.test.test.AutomationScript -->
