<?xml version="1.0" encoding="UTF-8"?>
<!-- Generated by org.testng.reporters.JUnitReportReporter -->
<testsuite hostname="LAPTOP-MGF06TCK" failures="0" tests="1" name="com.Maven.Salesforce.Framework.DemoClass" time="0.006" errors="0" timestamp="2022-09-21T10:22:13 PDT" skipped="0">
  <testcase classname="com.Maven.Salesforce.Framework.DemoClass" name="test" time="0.006"/>
  <system-out/>
</testsuite> <!-- com.Maven.Salesforce.Framework.DemoClass -->
