<?xml version="1.0" encoding="UTF-8"?>
<!-- Generated by org.testng.reporters.JUnitReportReporter -->
<testsuite hostname="LAPTOP-MGF06TCK" failures="0" tests="5" name="com.tests.RunnerCalculator" time="65.066" errors="0" timestamp="2022-10-06T22:33:19 PDT" skipped="0">
  <testcase classname="com.tests.RunnerCalculator" name="runScenario" time="8.721"/>
  <system-out/>
  <testcase classname="com.tests.RunnerCalculator" name="runScenario" time="8.490"/>
  <system-out/>
  <testcase classname="com.tests.RunnerCalculator" name="runScenario" time="8.228"/>
  <system-out/>
  <testcase classname="com.tests.RunnerCalculator" name="runScenario" time="15.031"/>
  <system-out/>
  <testcase classname="com.tests.RunnerCalculator" name="runScenario" time="24.596"/>
  <system-out/>
</testsuite> <!-- com.tests.RunnerCalculator -->
