<?xml version="1.0" encoding="UTF-8"?>
<!-- Generated by org.testng.reporters.JUnitReportReporter -->
<testsuite hostname="LAPTOP-MGF06TCK" failures="0" tests="5" name="com.tests.RunnerCalculator" time="56.827" errors="0" timestamp="2022-10-06T23:20:58 PDT" skipped="0">
  <testcase classname="com.tests.RunnerCalculator" name="runScenario" time="16.121"/>
  <system-out/>
  <testcase classname="com.tests.RunnerCalculator" name="runScenario" time="8.702"/>
  <system-out/>
  <testcase classname="com.tests.RunnerCalculator" name="runScenario" time="8.424"/>
  <system-out/>
  <testcase classname="com.tests.RunnerCalculator" name="runScenario" time="8.413"/>
  <system-out/>
  <testcase classname="com.tests.RunnerCalculator" name="runScenario" time="15.167"/>
  <system-out/>
</testsuite> <!-- com.tests.RunnerCalculator -->
