<?xml version="1.0" encoding="UTF-8"?>
<!-- Generated by org.testng.reporters.JUnitReportReporter -->
<testsuite hostname="LAPTOP-MGF06TCK" failures="0" tests="5" name="com.tests.Runner1" time="54.928" errors="0" timestamp="2022-10-10T23:36:36 PDT" skipped="0">
  <testcase classname="com.tests.Runner1" name="runScenario" time="14.709"/>
  <system-out/>
  <testcase classname="com.tests.Runner1" name="runScenario" time="7.801"/>
  <system-out/>
  <testcase classname="com.tests.Runner1" name="runScenario" time="14.842"/>
  <system-out/>
  <testcase classname="com.tests.Runner1" name="runScenario" time="8.374"/>
  <system-out/>
  <testcase classname="com.tests.Runner1" name="runScenario" time="9.202"/>
  <system-out/>
</testsuite> <!-- com.tests.Runner1 -->
