<?xml version="1.0" encoding="UTF-8"?>
<!-- Generated by org.testng.reporters.JUnitReportReporter -->
<testsuite hostname="LAPTOP-MGF06TCK" failures="0" tests="1" name="com.tests.FirstAPIRest" time="2.788" errors="0" timestamp="2022-10-11T15:33:00 PDT" skipped="0">
  <testcase classname="com.tests.FirstAPIRest" name="employees" time="2.788"/>
  <system-out/>
</testsuite> <!-- com.tests.FirstAPIRest -->
