<?xml version="1.0" encoding="UTF-8"?>
<!-- Generated by org.testng.reporters.JUnitReportReporter -->
<testsuite hostname="LAPTOP-MGF06TCK" failures="0" tests="5" name="com.tests.SimpleCRUD" time="14.499" errors="0" timestamp="2022-10-11T22:13:53 PDT" skipped="4">
  <testcase classname="com.tests.SimpleCRUD" name="getUser" time="14.499"/>
  <system-out/>
  <testcase classname="com.tests.SimpleCRUD" name="loginToApi">
    <skipped/>
  </testcase> <!-- loginToApi -->
  <system-out/>
  <testcase classname="com.tests.SimpleCRUD" name="deleteUser">
    <skipped/>
  </testcase> <!-- deleteUser -->
  <system-out/>
  <testcase classname="com.tests.SimpleCRUD" name="updateUser">
    <skipped/>
  </testcase> <!-- updateUser -->
  <system-out/>
  <testcase classname="com.tests.SimpleCRUD" name="createUser">
    <skipped/>
  </testcase> <!-- createUser -->
  <system-out/>
</testsuite> <!-- com.tests.SimpleCRUD -->
