<?xml version="1.0" encoding="UTF-8"?>
<!-- Generated by org.testng.reporters.JUnitReportReporter -->
<testsuite hostname="LAPTOP-MGF06TCK" failures="0" tests="1" name="com.tests.CRUDPOJO" time="2.076" errors="0" timestamp="2022-10-11T23:59:34 PDT" skipped="0">
  <testcase classname="com.tests.CRUDPOJO" name="loginToApi" time="2.076"/>
  <system-out/>
</testsuite> <!-- com.tests.CRUDPOJO -->
