<?xml version="1.0" encoding="UTF-8"?>
<!-- Generated by org.testng.reporters.JUnitReportReporter -->
<testsuite hostname="LAPTOP-MGF06TCK" failures="0" tests="1" name="com.firebase.test.test.AutomationScript" time="10.162" errors="0" timestamp="2022-09-30T00:10:45 PDT" skipped="0">
  <testcase classname="com.firebase.test.test.AutomationScript" name="loginSalesForce4a" time="10.162"/>
  <system-out/>
</testsuite> <!-- com.firebase.test.test.AutomationScript -->
