<?xml version="1.0" encoding="UTF-8"?>
<!-- Generated by org.testng.reporters.JUnitReportReporter -->
<testsuite hostname="LAPTOP-MGF06TCK" failures="0" tests="3" name="com.Maven.Salesforce.Framework.Testing" time="0.008" errors="0" timestamp="2022-09-21T22:28:17 PDT" skipped="0">
  <testcase classname="com.Maven.Salesforce.Framework.Testing" name="login" time="0.007"/>
  <system-out/>
  <testcase classname="com.Maven.Salesforce.Framework.Testing" name="password" time="0.001"/>
  <system-out/>
  <testcase classname="com.Maven.Salesforce.Framework.Testing" name="logout" time="0.000"/>
  <system-out/>
</testsuite> <!-- com.Maven.Salesforce.Framework.Testing -->
