<?xml version="1.0" encoding="UTF-8"?>
<!-- Generated by org.testng.reporters.JUnitReportReporter -->
<testsuite hostname="LAPTOP-MGF06TCK" failures="0" tests="1" name="com.firebase.test.test.AutomationScript" time="27.147" errors="0" timestamp="2022-10-02T00:41:07 PDT" skipped="0">
  <testcase classname="com.firebase.test.test.AutomationScript" name="RandomScenarios37" time="27.147"/>
  <system-out/>
</testsuite> <!-- com.firebase.test.test.AutomationScript -->
