<?xml version="1.0" encoding="UTF-8"?>
<!-- Generated by org.testng.reporters.JUnitReportReporter -->
<testsuite hostname="LAPTOP-MGF06TCK" failures="0" tests="1" name="com.test.runner.Runner" time="0.094" errors="0" timestamp="2022-10-18T00:26:17 PDT" skipped="0">
  <testcase classname="com.test.runner.Runner" name="runScenario" time="0.094"/>
  <system-out/>
</testsuite> <!-- com.test.runner.Runner -->
