<?xml version="1.0" encoding="UTF-8"?>
<!-- Generated by org.testng.reporters.JUnitReportReporter -->
<testsuite hostname="LAPTOP-MGF06TCK" failures="0" tests="5" name="com.test.test.TekArchApiTestScriptE2E" time="4.184" errors="0" timestamp="2022-10-20T23:47:29 PDT" skipped="0">
  <testcase classname="com.test.test.TekArchApiTestScriptE2E" name="TC_001__getuserdata" time="2.126"/>
  <system-out/>
  <testcase classname="com.test.test.TekArchApiTestScriptE2E" name="TC_003_deleteUserdataCreated" time="0.508"/>
  <system-out/>
  <testcase classname="com.test.test.TekArchApiTestScriptE2E" name="TC_004_deleteUserdata" time="0.483"/>
  <system-out/>
  <testcase classname="com.test.test.TekArchApiTestScriptE2E" name="TC_005__getuserdatabyID" time="0.510"/>
  <system-out/>
  <testcase classname="com.test.test.TekArchApiTestScriptE2E" name="TC_002_AddUserdata" time="0.557"/>
  <system-out/>
</testsuite> <!-- com.test.test.TekArchApiTestScriptE2E -->
