<?xml version="1.0" encoding="UTF-8"?>
<!-- Generated by org.testng.reporters.JUnitReportReporter -->
<testsuite hostname="LAPTOP-MGF06TCK" failures="0" tests="5" name="com.test.test.TekArchApiTestScriptE2E" time="3.328" errors="0" timestamp="2022-10-20T20:42:51 PDT" skipped="0">
  <testcase classname="com.test.test.TekArchApiTestScriptE2E" name="TC_005__getuserdatabyID" time="0.422"/>
  <system-out/>
  <testcase classname="com.test.test.TekArchApiTestScriptE2E" name="TC_002_AddUserdata" time="0.427"/>
  <system-out/>
  <testcase classname="com.test.test.TekArchApiTestScriptE2E" name="TC_003_deleteUserdataCreated" time="0.405"/>
  <system-out/>
  <testcase classname="com.test.test.TekArchApiTestScriptE2E" name="TC_004_deleteUserdata" time="0.346"/>
  <system-out/>
  <testcase classname="com.test.test.TekArchApiTestScriptE2E" name="TC_001__getuserdata" time="1.728"/>
  <system-out/>
</testsuite> <!-- com.test.test.TekArchApiTestScriptE2E -->
